{"/Users/luis/Documents/Programming/hio/hio-app/config/index.js":{"path":"/Users/luis/Documents/Programming/hio/hio-app/config/index.js","s":{"1":1,"2":1,"3":1},"b":{},"f":{},"fnMap":{},"statementMap":{"1":{"start":{"line":6,"column":0},"end":{"line":6,"column":31}},"2":{"start":{"line":7,"column":0},"end":{"line":7,"column":55}},"3":{"start":{"line":8,"column":0},"end":{"line":8,"column":52}}},"branchMap":{}},"/Users/luis/Documents/Programming/hio/hio-app/config/ConnectRethinkDB.js":{"path":"/Users/luis/Documents/Programming/hio/hio-app/config/ConnectRethinkDB.js","s":{"1":1,"2":1,"3":1,"4":1,"5":1,"6":1,"7":1,"8":1,"9":0,"10":0,"11":0,"12":0,"13":0,"14":1},"b":{"1":[1,0],"2":[0,0],"3":[0,0]},"f":{"1":1,"2":0},"fnMap":{"1":{"name":"(anonymous_1)","line":15,"loc":{"start":{"line":15,"column":18},"end":{"line":15,"column":36}}},"2":{"name":"(anonymous_2)","line":18,"loc":{"start":{"line":18,"column":72},"end":{"line":18,"column":92}}}},"statementMap":{"1":{"start":{"line":6,"column":0},"end":{"line":6,"column":40}},"2":{"start":{"line":7,"column":0},"end":{"line":7,"column":35}},"3":{"start":{"line":8,"column":0},"end":{"line":8,"column":66}},"4":{"start":{"line":13,"column":0},"end":{"line":13,"column":31}},"5":{"start":{"line":15,"column":0},"end":{"line":28,"column":2}},"6":{"start":{"line":16,"column":2},"end":{"line":16,"column":61}},"7":{"start":{"line":17,"column":2},"end":{"line":17,"column":22}},"8":{"start":{"line":18,"column":2},"end":{"line":26,"column":5}},"9":{"start":{"line":19,"column":4},"end":{"line":24,"column":5}},"10":{"start":{"line":20,"column":6},"end":{"line":22,"column":7}},"11":{"start":{"line":21,"column":8},"end":{"line":21,"column":24}},"12":{"start":{"line":23,"column":6},"end":{"line":23,"column":18}},"13":{"start":{"line":25,"column":4},"end":{"line":25,"column":22}},"14":{"start":{"line":27,"column":2},"end":{"line":27,"column":19}}},"branchMap":{"1":{"line":16,"type":"cond-expr","locations":[{"start":{"line":16,"column":45},"end":{"line":16,"column":52}},{"start":{"line":16,"column":55},"end":{"line":16,"column":60}}]},"2":{"line":19,"type":"if","locations":[{"start":{"line":19,"column":4},"end":{"line":19,"column":4}},{"start":{"line":19,"column":4},"end":{"line":19,"column":4}}]},"3":{"line":20,"type":"if","locations":[{"start":{"line":20,"column":6},"end":{"line":20,"column":6}},{"start":{"line":20,"column":6},"end":{"line":20,"column":6}}]}}},"/Users/luis/Documents/Programming/hio/hio-app/config/LoadConfig.js":{"path":"/Users/luis/Documents/Programming/hio/hio-app/config/LoadConfig.js","s":{"1":1,"2":1,"3":1,"4":1,"5":4,"6":4,"7":4,"8":4,"9":0,"10":0,"11":4,"12":4,"13":0,"14":4,"15":0,"16":4},"b":{"1":[4,0],"2":[0,4],"3":[0,4],"4":[0,4],"5":[0,4]},"f":{"1":4},"fnMap":{"1":{"name":"(anonymous_1)","line":14,"loc":{"start":{"line":14,"column":18},"end":{"line":14,"column":49}}}},"statementMap":{"1":{"start":{"line":9,"column":0},"end":{"line":9,"column":28}},"2":{"start":{"line":10,"column":0},"end":{"line":10,"column":30}},"3":{"start":{"line":11,"column":0},"end":{"line":11,"column":31}},"4":{"start":{"line":14,"column":0},"end":{"line":32,"column":1}},"5":{"start":{"line":17,"column":2},"end":{"line":17,"column":73}},"6":{"start":{"line":18,"column":2},"end":{"line":18,"column":61}},"7":{"start":{"line":20,"column":2},"end":{"line":20,"column":30}},"8":{"start":{"line":23,"column":2},"end":{"line":29,"column":3}},"9":{"start":{"line":24,"column":4},"end":{"line":24,"column":86}},"10":{"start":{"line":25,"column":4},"end":{"line":25,"column":16}},"11":{"start":{"line":27,"column":4},"end":{"line":27,"column":75}},"12":{"start":{"line":28,"column":4},"end":{"line":28,"column":119}},"13":{"start":{"line":28,"column":17},"end":{"line":28,"column":119}},"14":{"start":{"line":30,"column":2},"end":{"line":30,"column":75}},"15":{"start":{"line":30,"column":15},"end":{"line":30,"column":75}},"16":{"start":{"line":31,"column":2},"end":{"line":31,"column":18}}},"branchMap":{"1":{"line":17,"type":"cond-expr","locations":[{"start":{"line":17,"column":53},"end":{"line":17,"column":64}},{"start":{"line":17,"column":67},"end":{"line":17,"column":72}}]},"2":{"line":18,"type":"cond-expr","locations":[{"start":{"line":18,"column":45},"end":{"line":18,"column":52}},{"start":{"line":18,"column":55},"end":{"line":18,"column":60}}]},"3":{"line":23,"type":"if","locations":[{"start":{"line":23,"column":2},"end":{"line":23,"column":2}},{"start":{"line":23,"column":2},"end":{"line":23,"column":2}}]},"4":{"line":28,"type":"if","locations":[{"start":{"line":28,"column":4},"end":{"line":28,"column":4}},{"start":{"line":28,"column":4},"end":{"line":28,"column":4}}]},"5":{"line":30,"type":"if","locations":[{"start":{"line":30,"column":2},"end":{"line":30,"column":2}},{"start":{"line":30,"column":2},"end":{"line":30,"column":2}}]}}}}