TN:
SF:/Users/luis/Documents/Programming/hio/hio-app/config/index.js
FNF:0
FNH:0
DA:6,1
DA:8,1
LF:2
LH:2
BRF:0
BRH:0
end_of_record
TN:
SF:/Users/luis/Documents/Programming/hio/hio-app/config/ConnectRethinkDB.js
FN:15,(anonymous_1)
FN:18,(anonymous_2)
FNF:2
FNH:1
FNDA:1,(anonymous_1)
FNDA:0,(anonymous_2)
DA:6,1
DA:7,1
DA:8,1
DA:13,1
DA:15,1
DA:16,1
DA:17,1
DA:18,1
DA:19,0
DA:20,0
DA:21,0
DA:23,0
DA:25,0
DA:27,1
LF:14
LH:9
BRDA:16,1,0,1
BRDA:16,1,1,0
BRDA:19,2,0,0
BRDA:19,2,1,0
BRDA:20,3,0,0
BRDA:20,3,1,0
BRF:6
BRH:1
end_of_record
TN:
SF:/Users/luis/Documents/Programming/hio/hio-app/config/LoadConfig.js
FN:12,(anonymous_1)
FNF:1
FNH:1
FNDA:4,(anonymous_1)
DA:7,1
DA:8,1
DA:9,1
DA:11,1
DA:12,1
DA:15,4
DA:16,4
DA:18,4
DA:21,4
DA:22,0
DA:23,0
DA:25,4
DA:26,4
DA:28,4
DA:29,4
LF:15
LH:13
BRDA:15,1,0,4
BRDA:15,1,1,0
BRDA:16,2,0,0
BRDA:16,2,1,4
BRDA:21,3,0,0
BRDA:21,3,1,4
BRDA:26,4,0,0
BRDA:26,4,1,4
BRDA:28,5,0,0
BRDA:28,5,1,4
BRF:10
BRH:5
end_of_record
